[0.104s] DEBUG:colcon:Command line arguments: ['/usr/bin/colcon', 'build']
[0.104s] DEBUG:colcon:Parsed command line arguments: Namespace(log_base=None, log_level=None, verb_name='build', build_base='build', install_base='install', merge_install=False, symlink_install=False, test_result_base=None, continue_on_error=False, executor='parallel', parallel_workers=16, event_handlers=None, ignore_user_meta=False, metas=['./colcon.meta'], base_paths=['.'], packages_ignore=None, packages_ignore_regex=None, paths=None, packages_up_to=None, packages_up_to_regex=None, packages_above=None, packages_above_and_dependencies=None, packages_above_depth=None, packages_select_by_dep=None, packages_skip_by_dep=None, packages_skip_up_to=None, packages_select_build_failed=False, packages_skip_build_finished=False, packages_select_test_failures=False, packages_skip_test_passed=False, packages_select=None, packages_skip=None, packages_select_regex=None, packages_skip_regex=None, packages_start=None, packages_end=None, allow_overriding=[], cmake_args=None, cmake_target=None, cmake_target_skip_unavailable=False, cmake_clean_cache=False, cmake_clean_first=False, cmake_force_configure=False, ament_cmake_args=None, catkin_cmake_args=None, catkin_skip_building_tests=False, mixin_files=None, mixin=None, verb_parser=<colcon_mixin.mixin.mixin_argument.MixinArgumentDecorator object at 0x77522feb9810>, verb_extension=<colcon_core.verb.build.BuildVerb object at 0x77522feccfa0>, main=<bound method BuildVerb.main of <colcon_core.verb.build.BuildVerb object at 0x77522feccfa0>>, mixin_verb=('build',))
[0.260s] Level 1:colcon.colcon_core.package_discovery:discover_packages(colcon_meta) check parameters
[0.260s] Level 1:colcon.colcon_core.package_discovery:discover_packages(recursive) check parameters
[0.260s] Level 1:colcon.colcon_core.package_discovery:discover_packages(ignore) check parameters
[0.260s] Level 1:colcon.colcon_core.package_discovery:discover_packages(path) check parameters
[0.260s] Level 1:colcon.colcon_core.package_discovery:discover_packages(colcon_meta) discover
[0.260s] Level 1:colcon.colcon_core.package_discovery:discover_packages(recursive) discover
[0.260s] INFO:colcon.colcon_core.package_discovery:Crawling recursively for packages in '/home/czx/mujoco_learn/wheel_/wheelLqr_ws_v2_LQR'
[0.260s] Level 1:colcon.colcon_core.package_identification:_identify(.) by extensions ['ignore', 'ignore_ament_install']
[0.260s] Level 1:colcon.colcon_core.package_identification:_identify(.) by extension 'ignore'
[0.260s] Level 1:colcon.colcon_core.package_identification:_identify(.) by extension 'ignore_ament_install'
[0.260s] Level 1:colcon.colcon_core.package_identification:_identify(.) by extensions ['colcon_pkg']
[0.260s] Level 1:colcon.colcon_core.package_identification:_identify(.) by extension 'colcon_pkg'
[0.260s] Level 1:colcon.colcon_core.package_identification:_identify(.) by extensions ['colcon_meta']
[0.260s] Level 1:colcon.colcon_core.package_identification:_identify(.) by extension 'colcon_meta'
[0.260s] Level 1:colcon.colcon_core.package_identification:_identify(.) by extensions ['ros']
[0.260s] Level 1:colcon.colcon_core.package_identification:_identify(.) by extension 'ros'
[0.267s] Level 1:colcon.colcon_core.package_identification:_identify(.) by extensions ['cmake', 'python']
[0.267s] Level 1:colcon.colcon_core.package_identification:_identify(.) by extension 'cmake'
[0.268s] Level 1:colcon.colcon_core.package_identification:_identify(.) by extension 'python'
[0.268s] Level 1:colcon.colcon_core.package_identification:_identify(.) by extensions ['python_setup_py']
[0.268s] Level 1:colcon.colcon_core.package_identification:_identify(.) by extension 'python_setup_py'
[0.268s] Level 1:colcon.colcon_core.package_identification:_identify(build) by extensions ['ignore', 'ignore_ament_install']
[0.268s] Level 1:colcon.colcon_core.package_identification:_identify(build) by extension 'ignore'
[0.268s] Level 1:colcon.colcon_core.package_identification:_identify(build) ignored
[0.268s] Level 1:colcon.colcon_core.package_identification:_identify(install) by extensions ['ignore', 'ignore_ament_install']
[0.268s] Level 1:colcon.colcon_core.package_identification:_identify(install) by extension 'ignore'
[0.268s] Level 1:colcon.colcon_core.package_identification:_identify(install) ignored
[0.268s] Level 1:colcon.colcon_core.package_identification:_identify(log) by extensions ['ignore', 'ignore_ament_install']
[0.268s] Level 1:colcon.colcon_core.package_identification:_identify(log) by extension 'ignore'
[0.268s] Level 1:colcon.colcon_core.package_identification:_identify(log) ignored
[0.268s] Level 1:colcon.colcon_core.package_identification:_identify(src) by extensions ['ignore', 'ignore_ament_install']
[0.268s] Level 1:colcon.colcon_core.package_identification:_identify(src) by extension 'ignore'
[0.268s] Level 1:colcon.colcon_core.package_identification:_identify(src) by extension 'ignore_ament_install'
[0.268s] Level 1:colcon.colcon_core.package_identification:_identify(src) by extensions ['colcon_pkg']
[0.268s] Level 1:colcon.colcon_core.package_identification:_identify(src) by extension 'colcon_pkg'
[0.268s] Level 1:colcon.colcon_core.package_identification:_identify(src) by extensions ['colcon_meta']
[0.268s] Level 1:colcon.colcon_core.package_identification:_identify(src) by extension 'colcon_meta'
[0.268s] Level 1:colcon.colcon_core.package_identification:_identify(src) by extensions ['ros']
[0.268s] Level 1:colcon.colcon_core.package_identification:_identify(src) by extension 'ros'
[0.268s] Level 1:colcon.colcon_core.package_identification:_identify(src) by extensions ['cmake', 'python']
[0.268s] Level 1:colcon.colcon_core.package_identification:_identify(src) by extension 'cmake'
[0.268s] Level 1:colcon.colcon_core.package_identification:_identify(src) by extension 'python'
[0.268s] Level 1:colcon.colcon_core.package_identification:_identify(src) by extensions ['python_setup_py']
[0.268s] Level 1:colcon.colcon_core.package_identification:_identify(src) by extension 'python_setup_py'
[0.268s] Level 1:colcon.colcon_core.package_identification:_identify(src/mujoco_control) by extensions ['ignore', 'ignore_ament_install']
[0.268s] Level 1:colcon.colcon_core.package_identification:_identify(src/mujoco_control) by extension 'ignore'
[0.268s] Level 1:colcon.colcon_core.package_identification:_identify(src/mujoco_control) by extension 'ignore_ament_install'
[0.268s] Level 1:colcon.colcon_core.package_identification:_identify(src/mujoco_control) by extensions ['colcon_pkg']
[0.268s] Level 1:colcon.colcon_core.package_identification:_identify(src/mujoco_control) by extension 'colcon_pkg'
[0.268s] Level 1:colcon.colcon_core.package_identification:_identify(src/mujoco_control) by extensions ['colcon_meta']
[0.268s] Level 1:colcon.colcon_core.package_identification:_identify(src/mujoco_control) by extension 'colcon_meta'
[0.269s] Level 1:colcon.colcon_core.package_identification:_identify(src/mujoco_control) by extensions ['ros']
[0.269s] Level 1:colcon.colcon_core.package_identification:_identify(src/mujoco_control) by extension 'ros'
[0.271s] DEBUG:colcon.colcon_core.package_identification:Package 'src/mujoco_control' with type 'ros.ament_cmake' and name 'mujoco_control'
[0.271s] Level 1:colcon.colcon_core.package_identification:_identify(src/mujoco_sim) by extensions ['ignore', 'ignore_ament_install']
[0.271s] Level 1:colcon.colcon_core.package_identification:_identify(src/mujoco_sim) by extension 'ignore'
[0.271s] Level 1:colcon.colcon_core.package_identification:_identify(src/mujoco_sim) by extension 'ignore_ament_install'
[0.271s] Level 1:colcon.colcon_core.package_identification:_identify(src/mujoco_sim) by extensions ['colcon_pkg']
[0.271s] Level 1:colcon.colcon_core.package_identification:_identify(src/mujoco_sim) by extension 'colcon_pkg'
[0.271s] Level 1:colcon.colcon_core.package_identification:_identify(src/mujoco_sim) by extensions ['colcon_meta']
[0.271s] Level 1:colcon.colcon_core.package_identification:_identify(src/mujoco_sim) by extension 'colcon_meta'
[0.271s] Level 1:colcon.colcon_core.package_identification:_identify(src/mujoco_sim) by extensions ['ros']
[0.271s] Level 1:colcon.colcon_core.package_identification:_identify(src/mujoco_sim) by extension 'ros'
[0.271s] DEBUG:colcon.colcon_core.package_identification:Package 'src/mujoco_sim' with type 'ros.ament_python' and name 'mujoco_sim'
[0.271s] Level 1:colcon.colcon_core.package_discovery:discover_packages(recursive) using defaults
[0.271s] Level 1:colcon.colcon_core.package_discovery:discover_packages(ignore) discover
[0.271s] Level 1:colcon.colcon_core.package_discovery:discover_packages(ignore) using defaults
[0.271s] Level 1:colcon.colcon_core.package_discovery:discover_packages(path) discover
[0.271s] Level 1:colcon.colcon_core.package_discovery:discover_packages(path) using defaults
[0.293s] Level 1:colcon.colcon_core.package_discovery:discover_packages(prefix_path) check parameters
[0.293s] Level 1:colcon.colcon_core.package_discovery:discover_packages(prefix_path) discover
[0.296s] DEBUG:colcon.colcon_installed_package_information.package_discovery:Found 373 installed packages in /opt/ros/humble
[0.297s] Level 1:colcon.colcon_core.package_discovery:discover_packages(prefix_path) using defaults
[0.325s] Level 5:colcon.colcon_core.verb:set package 'mujoco_control' build argument 'cmake_args' from command line to 'None'
[0.325s] Level 5:colcon.colcon_core.verb:set package 'mujoco_control' build argument 'cmake_target' from command line to 'None'
[0.325s] Level 5:colcon.colcon_core.verb:set package 'mujoco_control' build argument 'cmake_target_skip_unavailable' from command line to 'False'
[0.325s] Level 5:colcon.colcon_core.verb:set package 'mujoco_control' build argument 'cmake_clean_cache' from command line to 'False'
[0.325s] Level 5:colcon.colcon_core.verb:set package 'mujoco_control' build argument 'cmake_clean_first' from command line to 'False'
[0.325s] Level 5:colcon.colcon_core.verb:set package 'mujoco_control' build argument 'cmake_force_configure' from command line to 'False'
[0.325s] Level 5:colcon.colcon_core.verb:set package 'mujoco_control' build argument 'ament_cmake_args' from command line to 'None'
[0.325s] Level 5:colcon.colcon_core.verb:set package 'mujoco_control' build argument 'catkin_cmake_args' from command line to 'None'
[0.325s] Level 5:colcon.colcon_core.verb:set package 'mujoco_control' build argument 'catkin_skip_building_tests' from command line to 'False'
[0.325s] DEBUG:colcon.colcon_core.verb:Building package 'mujoco_control' with the following arguments: {'ament_cmake_args': None, 'build_base': '/home/czx/mujoco_learn/wheel_/wheelLqr_ws_v2_LQR/build/mujoco_control', 'catkin_cmake_args': None, 'catkin_skip_building_tests': False, 'cmake_args': None, 'cmake_clean_cache': False, 'cmake_clean_first': False, 'cmake_force_configure': False, 'cmake_target': None, 'cmake_target_skip_unavailable': False, 'install_base': '/home/czx/mujoco_learn/wheel_/wheelLqr_ws_v2_LQR/install/mujoco_control', 'merge_install': False, 'path': '/home/czx/mujoco_learn/wheel_/wheelLqr_ws_v2_LQR/src/mujoco_control', 'symlink_install': False, 'test_result_base': None}
[0.326s] Level 5:colcon.colcon_core.verb:set package 'mujoco_sim' build argument 'cmake_args' from command line to 'None'
[0.326s] Level 5:colcon.colcon_core.verb:set package 'mujoco_sim' build argument 'cmake_target' from command line to 'None'
[0.326s] Level 5:colcon.colcon_core.verb:set package 'mujoco_sim' build argument 'cmake_target_skip_unavailable' from command line to 'False'
[0.326s] Level 5:colcon.colcon_core.verb:set package 'mujoco_sim' build argument 'cmake_clean_cache' from command line to 'False'
[0.326s] Level 5:colcon.colcon_core.verb:set package 'mujoco_sim' build argument 'cmake_clean_first' from command line to 'False'
[0.326s] Level 5:colcon.colcon_core.verb:set package 'mujoco_sim' build argument 'cmake_force_configure' from command line to 'False'
[0.326s] Level 5:colcon.colcon_core.verb:set package 'mujoco_sim' build argument 'ament_cmake_args' from command line to 'None'
[0.326s] Level 5:colcon.colcon_core.verb:set package 'mujoco_sim' build argument 'catkin_cmake_args' from command line to 'None'
[0.326s] Level 5:colcon.colcon_core.verb:set package 'mujoco_sim' build argument 'catkin_skip_building_tests' from command line to 'False'
[0.326s] DEBUG:colcon.colcon_core.verb:Building package 'mujoco_sim' with the following arguments: {'ament_cmake_args': None, 'build_base': '/home/czx/mujoco_learn/wheel_/wheelLqr_ws_v2_LQR/build/mujoco_sim', 'catkin_cmake_args': None, 'catkin_skip_building_tests': False, 'cmake_args': None, 'cmake_clean_cache': False, 'cmake_clean_first': False, 'cmake_force_configure': False, 'cmake_target': None, 'cmake_target_skip_unavailable': False, 'install_base': '/home/czx/mujoco_learn/wheel_/wheelLqr_ws_v2_LQR/install/mujoco_sim', 'merge_install': False, 'path': '/home/czx/mujoco_learn/wheel_/wheelLqr_ws_v2_LQR/src/mujoco_sim', 'symlink_install': False, 'test_result_base': None}
[0.326s] INFO:colcon.colcon_core.executor:Executing jobs using 'parallel' executor
[0.327s] DEBUG:colcon.colcon_parallel_executor.executor.parallel:run_until_complete
[0.327s] INFO:colcon.colcon_ros.task.ament_cmake.build:Building ROS package in '/home/czx/mujoco_learn/wheel_/wheelLqr_ws_v2_LQR/src/mujoco_control' with build type 'ament_cmake'
[0.327s] INFO:colcon.colcon_cmake.task.cmake.build:Building CMake package in '/home/czx/mujoco_learn/wheel_/wheelLqr_ws_v2_LQR/src/mujoco_control'
[0.329s] INFO:colcon.colcon_core.plugin_system:Skipping extension 'colcon_core.shell.bat': Not used on non-Windows systems
[0.329s] INFO:colcon.colcon_core.shell:Skip shell extension 'powershell' for command environment: Not usable outside of PowerShell
[0.329s] DEBUG:colcon.colcon_core.shell:Skip shell extension 'dsv' for command environment
[0.331s] INFO:colcon.colcon_ros.task.ament_python.build:Building ROS package in '/home/czx/mujoco_learn/wheel_/wheelLqr_ws_v2_LQR/src/mujoco_sim' with build type 'ament_python'
[0.331s] Level 1:colcon.colcon_core.shell:create_environment_hook('mujoco_sim', 'ament_prefix_path')
[0.331s] INFO:colcon.colcon_core.shell:Creating environment hook '/home/czx/mujoco_learn/wheel_/wheelLqr_ws_v2_LQR/install/mujoco_sim/share/mujoco_sim/hook/ament_prefix_path.ps1'
[0.332s] INFO:colcon.colcon_core.shell:Creating environment descriptor '/home/czx/mujoco_learn/wheel_/wheelLqr_ws_v2_LQR/install/mujoco_sim/share/mujoco_sim/hook/ament_prefix_path.dsv'
[0.332s] INFO:colcon.colcon_core.shell:Creating environment hook '/home/czx/mujoco_learn/wheel_/wheelLqr_ws_v2_LQR/install/mujoco_sim/share/mujoco_sim/hook/ament_prefix_path.sh'
[0.333s] INFO:colcon.colcon_core.shell:Skip shell extension 'powershell' for command environment: Not usable outside of PowerShell
[0.333s] DEBUG:colcon.colcon_core.shell:Skip shell extension 'dsv' for command environment
[0.337s] DEBUG:colcon.colcon_core.event_handler.log_command:Invoking command in '/home/czx/mujoco_learn/wheel_/wheelLqr_ws_v2_LQR/build/mujoco_control': CMAKE_PREFIX_PATH=/opt/ros/humble /usr/bin/cmake /home/czx/mujoco_learn/wheel_/wheelLqr_ws_v2_LQR/src/mujoco_control -DCMAKE_INSTALL_PREFIX=/home/czx/mujoco_learn/wheel_/wheelLqr_ws_v2_LQR/install/mujoco_control
[0.496s] INFO:colcon.colcon_core.task.python.build:Building Python package in '/home/czx/mujoco_learn/wheel_/wheelLqr_ws_v2_LQR/src/mujoco_sim'
[0.496s] INFO:colcon.colcon_core.shell:Skip shell extension 'powershell' for command environment: Not usable outside of PowerShell
[0.496s] DEBUG:colcon.colcon_core.shell:Skip shell extension 'dsv' for command environment
[0.799s] DEBUG:colcon.colcon_core.event_handler.log_command:Invoking command in '/home/czx/mujoco_learn/wheel_/wheelLqr_ws_v2_LQR/src/mujoco_sim': PYTHONPATH=/home/czx/mujoco_learn/wheel_/wheelLqr_ws_v2_LQR/build/mujoco_sim/prefix_override:/usr/lib/python3/dist-packages/colcon_core/task/python/colcon_distutils_commands:/home/czx/mujoco_learn/wheel_/wheelLqr_ws_v2_LQR/install/mujoco_sim/lib/python3.10/site-packages:${PYTHONPATH} /usr/bin/python3 -W ignore:setup.py install is deprecated -W ignore:easy_install command is deprecated setup.py egg_info --egg-base ../../build/mujoco_sim build --build-base /home/czx/mujoco_learn/wheel_/wheelLqr_ws_v2_LQR/build/mujoco_sim/build install --record /home/czx/mujoco_learn/wheel_/wheelLqr_ws_v2_LQR/build/mujoco_sim/install.log --install-scripts $base/lib/mujoco_sim --single-version-externally-managed install_data
[0.998s] DEBUG:colcon.colcon_core.event_handler.log_command:Invoked command in '/home/czx/mujoco_learn/wheel_/wheelLqr_ws_v2_LQR/src/mujoco_sim' returned '0': PYTHONPATH=/home/czx/mujoco_learn/wheel_/wheelLqr_ws_v2_LQR/build/mujoco_sim/prefix_override:/usr/lib/python3/dist-packages/colcon_core/task/python/colcon_distutils_commands:/home/czx/mujoco_learn/wheel_/wheelLqr_ws_v2_LQR/install/mujoco_sim/lib/python3.10/site-packages:${PYTHONPATH} /usr/bin/python3 -W ignore:setup.py install is deprecated -W ignore:easy_install command is deprecated setup.py egg_info --egg-base ../../build/mujoco_sim build --build-base /home/czx/mujoco_learn/wheel_/wheelLqr_ws_v2_LQR/build/mujoco_sim/build install --record /home/czx/mujoco_learn/wheel_/wheelLqr_ws_v2_LQR/build/mujoco_sim/install.log --install-scripts $base/lib/mujoco_sim --single-version-externally-managed install_data
[1.002s] Level 1:colcon.colcon_core.environment:checking '/home/czx/mujoco_learn/wheel_/wheelLqr_ws_v2_LQR/install/mujoco_sim' for CMake module files
[1.002s] Level 1:colcon.colcon_core.environment:checking '/home/czx/mujoco_learn/wheel_/wheelLqr_ws_v2_LQR/install/mujoco_sim' for CMake config files
[1.002s] Level 1:colcon.colcon_core.environment:checking '/home/czx/mujoco_learn/wheel_/wheelLqr_ws_v2_LQR/install/mujoco_sim/lib'
[1.002s] Level 1:colcon.colcon_core.environment:checking '/home/czx/mujoco_learn/wheel_/wheelLqr_ws_v2_LQR/install/mujoco_sim/bin'
[1.003s] Level 1:colcon.colcon_core.environment:checking '/home/czx/mujoco_learn/wheel_/wheelLqr_ws_v2_LQR/install/mujoco_sim/lib/pkgconfig/mujoco_sim.pc'
[1.003s] Level 1:colcon.colcon_core.environment:checking '/home/czx/mujoco_learn/wheel_/wheelLqr_ws_v2_LQR/install/mujoco_sim/lib/python3.10/site-packages'
[1.003s] Level 1:colcon.colcon_core.shell:create_environment_hook('mujoco_sim', 'pythonpath')
[1.003s] INFO:colcon.colcon_core.shell:Creating environment hook '/home/czx/mujoco_learn/wheel_/wheelLqr_ws_v2_LQR/install/mujoco_sim/share/mujoco_sim/hook/pythonpath.ps1'
[1.003s] INFO:colcon.colcon_core.shell:Creating environment descriptor '/home/czx/mujoco_learn/wheel_/wheelLqr_ws_v2_LQR/install/mujoco_sim/share/mujoco_sim/hook/pythonpath.dsv'
[1.003s] INFO:colcon.colcon_core.shell:Creating environment hook '/home/czx/mujoco_learn/wheel_/wheelLqr_ws_v2_LQR/install/mujoco_sim/share/mujoco_sim/hook/pythonpath.sh'
[1.004s] Level 1:colcon.colcon_core.environment:checking '/home/czx/mujoco_learn/wheel_/wheelLqr_ws_v2_LQR/install/mujoco_sim/bin'
[1.004s] Level 1:colcon.colcon_core.environment:create_environment_scripts_only(mujoco_sim)
[1.004s] INFO:colcon.colcon_core.shell:Creating package script '/home/czx/mujoco_learn/wheel_/wheelLqr_ws_v2_LQR/install/mujoco_sim/share/mujoco_sim/package.ps1'
[1.004s] INFO:colcon.colcon_core.shell:Creating package descriptor '/home/czx/mujoco_learn/wheel_/wheelLqr_ws_v2_LQR/install/mujoco_sim/share/mujoco_sim/package.dsv'
[1.005s] INFO:colcon.colcon_core.shell:Creating package script '/home/czx/mujoco_learn/wheel_/wheelLqr_ws_v2_LQR/install/mujoco_sim/share/mujoco_sim/package.sh'
[1.005s] INFO:colcon.colcon_core.shell:Creating package script '/home/czx/mujoco_learn/wheel_/wheelLqr_ws_v2_LQR/install/mujoco_sim/share/mujoco_sim/package.bash'
[1.005s] INFO:colcon.colcon_core.shell:Creating package script '/home/czx/mujoco_learn/wheel_/wheelLqr_ws_v2_LQR/install/mujoco_sim/share/mujoco_sim/package.zsh'
[1.006s] Level 1:colcon.colcon_core.environment:create_file_with_runtime_dependencies(/home/czx/mujoco_learn/wheel_/wheelLqr_ws_v2_LQR/install/mujoco_sim/share/colcon-core/packages/mujoco_sim)
[1.193s] DEBUG:colcon.colcon_core.event_handler.log_command:Invoked command in '/home/czx/mujoco_learn/wheel_/wheelLqr_ws_v2_LQR/build/mujoco_control' returned '0': CMAKE_PREFIX_PATH=/opt/ros/humble /usr/bin/cmake /home/czx/mujoco_learn/wheel_/wheelLqr_ws_v2_LQR/src/mujoco_control -DCMAKE_INSTALL_PREFIX=/home/czx/mujoco_learn/wheel_/wheelLqr_ws_v2_LQR/install/mujoco_control
[1.195s] DEBUG:colcon.colcon_core.event_handler.log_command:Invoking command in '/home/czx/mujoco_learn/wheel_/wheelLqr_ws_v2_LQR/build/mujoco_control': CMAKE_PREFIX_PATH=/opt/ros/humble /usr/bin/cmake --build /home/czx/mujoco_learn/wheel_/wheelLqr_ws_v2_LQR/build/mujoco_control -- -j16 -l16
[6.685s] DEBUG:colcon.colcon_core.event_handler.log_command:Invoked command in '/home/czx/mujoco_learn/wheel_/wheelLqr_ws_v2_LQR/build/mujoco_control' returned '0': CMAKE_PREFIX_PATH=/opt/ros/humble /usr/bin/cmake --build /home/czx/mujoco_learn/wheel_/wheelLqr_ws_v2_LQR/build/mujoco_control -- -j16 -l16
[6.693s] DEBUG:colcon.colcon_core.event_handler.log_command:Invoking command in '/home/czx/mujoco_learn/wheel_/wheelLqr_ws_v2_LQR/build/mujoco_control': CMAKE_PREFIX_PATH=/opt/ros/humble /usr/bin/cmake --install /home/czx/mujoco_learn/wheel_/wheelLqr_ws_v2_LQR/build/mujoco_control
[6.701s] Level 1:colcon.colcon_core.environment:create_environment_scripts_only(mujoco_control)
[6.702s] Level 1:colcon.colcon_core.environment:checking '/home/czx/mujoco_learn/wheel_/wheelLqr_ws_v2_LQR/install/mujoco_control' for CMake module files
[6.702s] DEBUG:colcon.colcon_core.event_handler.log_command:Invoked command in '/home/czx/mujoco_learn/wheel_/wheelLqr_ws_v2_LQR/build/mujoco_control' returned '0': CMAKE_PREFIX_PATH=/opt/ros/humble /usr/bin/cmake --install /home/czx/mujoco_learn/wheel_/wheelLqr_ws_v2_LQR/build/mujoco_control
[6.702s] Level 1:colcon.colcon_core.environment:checking '/home/czx/mujoco_learn/wheel_/wheelLqr_ws_v2_LQR/install/mujoco_control' for CMake config files
[6.702s] Level 1:colcon.colcon_core.shell:create_environment_hook('mujoco_control', 'cmake_prefix_path')
[6.702s] INFO:colcon.colcon_core.shell:Creating environment hook '/home/czx/mujoco_learn/wheel_/wheelLqr_ws_v2_LQR/install/mujoco_control/share/mujoco_control/hook/cmake_prefix_path.ps1'
[6.703s] INFO:colcon.colcon_core.shell:Creating environment descriptor '/home/czx/mujoco_learn/wheel_/wheelLqr_ws_v2_LQR/install/mujoco_control/share/mujoco_control/hook/cmake_prefix_path.dsv'
[6.703s] INFO:colcon.colcon_core.shell:Creating environment hook '/home/czx/mujoco_learn/wheel_/wheelLqr_ws_v2_LQR/install/mujoco_control/share/mujoco_control/hook/cmake_prefix_path.sh'
[6.703s] Level 1:colcon.colcon_core.environment:checking '/home/czx/mujoco_learn/wheel_/wheelLqr_ws_v2_LQR/install/mujoco_control/lib'
[6.703s] Level 1:colcon.colcon_core.environment:checking '/home/czx/mujoco_learn/wheel_/wheelLqr_ws_v2_LQR/install/mujoco_control/bin'
[6.703s] Level 1:colcon.colcon_core.environment:checking '/home/czx/mujoco_learn/wheel_/wheelLqr_ws_v2_LQR/install/mujoco_control/lib/pkgconfig/mujoco_control.pc'
[6.703s] Level 1:colcon.colcon_core.environment:checking '/home/czx/mujoco_learn/wheel_/wheelLqr_ws_v2_LQR/install/mujoco_control/lib/python3.10/site-packages'
[6.704s] Level 1:colcon.colcon_core.environment:checking '/home/czx/mujoco_learn/wheel_/wheelLqr_ws_v2_LQR/install/mujoco_control/bin'
[6.704s] INFO:colcon.colcon_core.shell:Creating package script '/home/czx/mujoco_learn/wheel_/wheelLqr_ws_v2_LQR/install/mujoco_control/share/mujoco_control/package.ps1'
[6.704s] INFO:colcon.colcon_core.shell:Creating package descriptor '/home/czx/mujoco_learn/wheel_/wheelLqr_ws_v2_LQR/install/mujoco_control/share/mujoco_control/package.dsv'
[6.704s] INFO:colcon.colcon_core.shell:Creating package script '/home/czx/mujoco_learn/wheel_/wheelLqr_ws_v2_LQR/install/mujoco_control/share/mujoco_control/package.sh'
[6.704s] INFO:colcon.colcon_core.shell:Creating package script '/home/czx/mujoco_learn/wheel_/wheelLqr_ws_v2_LQR/install/mujoco_control/share/mujoco_control/package.bash'
[6.705s] INFO:colcon.colcon_core.shell:Creating package script '/home/czx/mujoco_learn/wheel_/wheelLqr_ws_v2_LQR/install/mujoco_control/share/mujoco_control/package.zsh'
[6.705s] Level 1:colcon.colcon_core.environment:create_file_with_runtime_dependencies(/home/czx/mujoco_learn/wheel_/wheelLqr_ws_v2_LQR/install/mujoco_control/share/colcon-core/packages/mujoco_control)
[6.705s] Level 1:colcon.colcon_core.environment:create_environment_scripts_only(mujoco_control)
[6.705s] Level 1:colcon.colcon_core.environment:checking '/home/czx/mujoco_learn/wheel_/wheelLqr_ws_v2_LQR/install/mujoco_control' for CMake module files
[6.705s] Level 1:colcon.colcon_core.environment:checking '/home/czx/mujoco_learn/wheel_/wheelLqr_ws_v2_LQR/install/mujoco_control' for CMake config files
[6.706s] Level 1:colcon.colcon_core.shell:create_environment_hook('mujoco_control', 'cmake_prefix_path')
[6.706s] INFO:colcon.colcon_core.shell:Creating environment hook '/home/czx/mujoco_learn/wheel_/wheelLqr_ws_v2_LQR/install/mujoco_control/share/mujoco_control/hook/cmake_prefix_path.ps1'
[6.706s] INFO:colcon.colcon_core.shell:Creating environment descriptor '/home/czx/mujoco_learn/wheel_/wheelLqr_ws_v2_LQR/install/mujoco_control/share/mujoco_control/hook/cmake_prefix_path.dsv'
[6.706s] INFO:colcon.colcon_core.shell:Creating environment hook '/home/czx/mujoco_learn/wheel_/wheelLqr_ws_v2_LQR/install/mujoco_control/share/mujoco_control/hook/cmake_prefix_path.sh'
[6.706s] Level 1:colcon.colcon_core.environment:checking '/home/czx/mujoco_learn/wheel_/wheelLqr_ws_v2_LQR/install/mujoco_control/lib'
[6.706s] Level 1:colcon.colcon_core.environment:checking '/home/czx/mujoco_learn/wheel_/wheelLqr_ws_v2_LQR/install/mujoco_control/bin'
[6.706s] Level 1:colcon.colcon_core.environment:checking '/home/czx/mujoco_learn/wheel_/wheelLqr_ws_v2_LQR/install/mujoco_control/lib/pkgconfig/mujoco_control.pc'
[6.707s] Level 1:colcon.colcon_core.environment:checking '/home/czx/mujoco_learn/wheel_/wheelLqr_ws_v2_LQR/install/mujoco_control/lib/python3.10/site-packages'
[6.707s] Level 1:colcon.colcon_core.environment:checking '/home/czx/mujoco_learn/wheel_/wheelLqr_ws_v2_LQR/install/mujoco_control/bin'
[6.707s] INFO:colcon.colcon_core.shell:Creating package script '/home/czx/mujoco_learn/wheel_/wheelLqr_ws_v2_LQR/install/mujoco_control/share/mujoco_control/package.ps1'
[6.707s] INFO:colcon.colcon_core.shell:Creating package descriptor '/home/czx/mujoco_learn/wheel_/wheelLqr_ws_v2_LQR/install/mujoco_control/share/mujoco_control/package.dsv'
[6.707s] INFO:colcon.colcon_core.shell:Creating package script '/home/czx/mujoco_learn/wheel_/wheelLqr_ws_v2_LQR/install/mujoco_control/share/mujoco_control/package.sh'
[6.708s] INFO:colcon.colcon_core.shell:Creating package script '/home/czx/mujoco_learn/wheel_/wheelLqr_ws_v2_LQR/install/mujoco_control/share/mujoco_control/package.bash'
[6.708s] INFO:colcon.colcon_core.shell:Creating package script '/home/czx/mujoco_learn/wheel_/wheelLqr_ws_v2_LQR/install/mujoco_control/share/mujoco_control/package.zsh'
[6.708s] Level 1:colcon.colcon_core.environment:create_file_with_runtime_dependencies(/home/czx/mujoco_learn/wheel_/wheelLqr_ws_v2_LQR/install/mujoco_control/share/colcon-core/packages/mujoco_control)
[6.708s] DEBUG:colcon.colcon_parallel_executor.executor.parallel:closing loop
[6.708s] DEBUG:colcon.colcon_parallel_executor.executor.parallel:loop closed
[6.708s] DEBUG:colcon.colcon_parallel_executor.executor.parallel:run_until_complete finished with '0'
[6.708s] DEBUG:colcon.colcon_core.event_reactor:joining thread
[6.715s] INFO:colcon.colcon_core.plugin_system:Skipping extension 'colcon_notification.desktop_notification.terminal_notifier': Not used on non-Darwin systems
[6.715s] INFO:colcon.colcon_core.plugin_system:Skipping extension 'colcon_notification.desktop_notification.win32': Not used on non-Windows systems
[6.715s] INFO:colcon.colcon_notification.desktop_notification:Sending desktop notification using 'notify2'
[6.730s] DEBUG:colcon.colcon_core.event_reactor:joined thread
[6.730s] INFO:colcon.colcon_core.shell:Creating prefix script '/home/czx/mujoco_learn/wheel_/wheelLqr_ws_v2_LQR/install/local_setup.ps1'
[6.731s] INFO:colcon.colcon_core.shell:Creating prefix util module '/home/czx/mujoco_learn/wheel_/wheelLqr_ws_v2_LQR/install/_local_setup_util_ps1.py'
[6.731s] INFO:colcon.colcon_core.shell:Creating prefix chain script '/home/czx/mujoco_learn/wheel_/wheelLqr_ws_v2_LQR/install/setup.ps1'
[6.732s] INFO:colcon.colcon_core.shell:Creating prefix script '/home/czx/mujoco_learn/wheel_/wheelLqr_ws_v2_LQR/install/local_setup.sh'
[6.732s] INFO:colcon.colcon_core.shell:Creating prefix util module '/home/czx/mujoco_learn/wheel_/wheelLqr_ws_v2_LQR/install/_local_setup_util_sh.py'
[6.733s] INFO:colcon.colcon_core.shell:Creating prefix chain script '/home/czx/mujoco_learn/wheel_/wheelLqr_ws_v2_LQR/install/setup.sh'
[6.733s] INFO:colcon.colcon_core.shell:Creating prefix script '/home/czx/mujoco_learn/wheel_/wheelLqr_ws_v2_LQR/install/local_setup.bash'
[6.734s] INFO:colcon.colcon_core.shell:Creating prefix chain script '/home/czx/mujoco_learn/wheel_/wheelLqr_ws_v2_LQR/install/setup.bash'
[6.734s] INFO:colcon.colcon_core.shell:Creating prefix script '/home/czx/mujoco_learn/wheel_/wheelLqr_ws_v2_LQR/install/local_setup.zsh'
[6.735s] INFO:colcon.colcon_core.shell:Creating prefix chain script '/home/czx/mujoco_learn/wheel_/wheelLqr_ws_v2_LQR/install/setup.zsh'
