[0.467s] Invoking command in '/home/czx/mujoco_learn/wheel_/wheelLqr_ws_v2_LQR/src/mujoco_sim': PYTHONPATH=/home/czx/mujoco_learn/wheel_/wheelLqr_ws_v2_LQR/build/mujoco_sim/prefix_override:/usr/lib/python3/dist-packages/colcon_core/task/python/colcon_distutils_commands:/home/czx/mujoco_learn/wheel_/wheelLqr_ws_v2_LQR/install/mujoco_sim/lib/python3.10/site-packages:${PYTHONPATH} /usr/bin/python3 -W ignore:setup.py install is deprecated -W ignore:easy_install command is deprecated setup.py egg_info --egg-base ../../build/mujoco_sim build --build-base /home/czx/mujoco_learn/wheel_/wheelLqr_ws_v2_LQR/build/mujoco_sim/build install --record /home/czx/mujoco_learn/wheel_/wheelLqr_ws_v2_LQR/build/mujoco_sim/install.log --install-scripts $base/lib/mujoco_sim --single-version-externally-managed install_data
[0.607s] /usr/lib/python3/dist-packages/setuptools/dist.py:723: UserWarning: Usage of dash-separated 'script-dir' will not be supported in future versions. Please use the underscore name 'script_dir' instead
[0.607s]   warnings.warn(
[0.613s] running egg_info
[0.613s] creating ../../build/mujoco_sim/mujoco_sim.egg-info
[0.613s] writing ../../build/mujoco_sim/mujoco_sim.egg-info/PKG-INFO
[0.613s] writing dependency_links to ../../build/mujoco_sim/mujoco_sim.egg-info/dependency_links.txt
[0.613s] writing entry points to ../../build/mujoco_sim/mujoco_sim.egg-info/entry_points.txt
[0.614s] writing requirements to ../../build/mujoco_sim/mujoco_sim.egg-info/requires.txt
[0.614s] writing top-level names to ../../build/mujoco_sim/mujoco_sim.egg-info/top_level.txt
[0.615s] writing manifest file '../../build/mujoco_sim/mujoco_sim.egg-info/SOURCES.txt'
[0.616s] reading manifest file '../../build/mujoco_sim/mujoco_sim.egg-info/SOURCES.txt'
[0.617s] writing manifest file '../../build/mujoco_sim/mujoco_sim.egg-info/SOURCES.txt'
[0.617s] running build
[0.617s] running build_py
[0.617s] creating /home/czx/mujoco_learn/wheel_/wheelLqr_ws_v2_LQR/build/mujoco_sim/build
[0.617s] creating /home/czx/mujoco_learn/wheel_/wheelLqr_ws_v2_LQR/build/mujoco_sim/build/lib
[0.617s] creating /home/czx/mujoco_learn/wheel_/wheelLqr_ws_v2_LQR/build/mujoco_sim/build/lib/mujoco_sim
[0.617s] copying mujoco_sim/mujoco_sim.py -> /home/czx/mujoco_learn/wheel_/wheelLqr_ws_v2_LQR/build/mujoco_sim/build/lib/mujoco_sim
[0.617s] copying mujoco_sim/lqr.py -> /home/czx/mujoco_learn/wheel_/wheelLqr_ws_v2_LQR/build/mujoco_sim/build/lib/mujoco_sim
[0.617s] copying mujoco_sim/lqr_test.py -> /home/czx/mujoco_learn/wheel_/wheelLqr_ws_v2_LQR/build/mujoco_sim/build/lib/mujoco_sim
[0.618s] copying mujoco_sim/__init__.py -> /home/czx/mujoco_learn/wheel_/wheelLqr_ws_v2_LQR/build/mujoco_sim/build/lib/mujoco_sim
[0.618s] running install
[0.618s] running install_lib
[0.618s] creating /home/czx/mujoco_learn/wheel_/wheelLqr_ws_v2_LQR/install/mujoco_sim/lib/python3.10/site-packages/mujoco_sim
[0.618s] copying /home/czx/mujoco_learn/wheel_/wheelLqr_ws_v2_LQR/build/mujoco_sim/build/lib/mujoco_sim/mujoco_sim.py -> /home/czx/mujoco_learn/wheel_/wheelLqr_ws_v2_LQR/install/mujoco_sim/lib/python3.10/site-packages/mujoco_sim
[0.618s] copying /home/czx/mujoco_learn/wheel_/wheelLqr_ws_v2_LQR/build/mujoco_sim/build/lib/mujoco_sim/lqr.py -> /home/czx/mujoco_learn/wheel_/wheelLqr_ws_v2_LQR/install/mujoco_sim/lib/python3.10/site-packages/mujoco_sim
[0.618s] copying /home/czx/mujoco_learn/wheel_/wheelLqr_ws_v2_LQR/build/mujoco_sim/build/lib/mujoco_sim/lqr_test.py -> /home/czx/mujoco_learn/wheel_/wheelLqr_ws_v2_LQR/install/mujoco_sim/lib/python3.10/site-packages/mujoco_sim
[0.618s] copying /home/czx/mujoco_learn/wheel_/wheelLqr_ws_v2_LQR/build/mujoco_sim/build/lib/mujoco_sim/__init__.py -> /home/czx/mujoco_learn/wheel_/wheelLqr_ws_v2_LQR/install/mujoco_sim/lib/python3.10/site-packages/mujoco_sim
[0.619s] byte-compiling /home/czx/mujoco_learn/wheel_/wheelLqr_ws_v2_LQR/install/mujoco_sim/lib/python3.10/site-packages/mujoco_sim/mujoco_sim.py to mujoco_sim.cpython-310.pyc
[0.619s] byte-compiling /home/czx/mujoco_learn/wheel_/wheelLqr_ws_v2_LQR/install/mujoco_sim/lib/python3.10/site-packages/mujoco_sim/lqr.py to lqr.cpython-310.pyc
[0.620s] byte-compiling /home/czx/mujoco_learn/wheel_/wheelLqr_ws_v2_LQR/install/mujoco_sim/lib/python3.10/site-packages/mujoco_sim/lqr_test.py to lqr_test.cpython-310.pyc
[0.620s] byte-compiling /home/czx/mujoco_learn/wheel_/wheelLqr_ws_v2_LQR/install/mujoco_sim/lib/python3.10/site-packages/mujoco_sim/__init__.py to __init__.cpython-310.pyc
[0.620s] running install_data
[0.620s] creating /home/czx/mujoco_learn/wheel_/wheelLqr_ws_v2_LQR/install/mujoco_sim/share/ament_index
[0.620s] creating /home/czx/mujoco_learn/wheel_/wheelLqr_ws_v2_LQR/install/mujoco_sim/share/ament_index/resource_index
[0.620s] creating /home/czx/mujoco_learn/wheel_/wheelLqr_ws_v2_LQR/install/mujoco_sim/share/ament_index/resource_index/packages
[0.620s] copying resource/mujoco_sim -> /home/czx/mujoco_learn/wheel_/wheelLqr_ws_v2_LQR/install/mujoco_sim/share/ament_index/resource_index/packages
[0.620s] copying package.xml -> /home/czx/mujoco_learn/wheel_/wheelLqr_ws_v2_LQR/install/mujoco_sim/share/mujoco_sim
[0.620s] creating /home/czx/mujoco_learn/wheel_/wheelLqr_ws_v2_LQR/install/mujoco_sim/share/mujoco_sim/urdf
[0.620s] copying urdf/rm1_4.urdf -> /home/czx/mujoco_learn/wheel_/wheelLqr_ws_v2_LQR/install/mujoco_sim/share/mujoco_sim/urdf
[0.620s] copying urdf/rm1_4.csv -> /home/czx/mujoco_learn/wheel_/wheelLqr_ws_v2_LQR/install/mujoco_sim/share/mujoco_sim/urdf
[0.621s] creating /home/czx/mujoco_learn/wheel_/wheelLqr_ws_v2_LQR/install/mujoco_sim/share/mujoco_sim/mjcf
[0.621s] copying mjcf/rm1_4.xml -> /home/czx/mujoco_learn/wheel_/wheelLqr_ws_v2_LQR/install/mujoco_sim/share/mujoco_sim/mjcf
[0.621s] creating /home/czx/mujoco_learn/wheel_/wheelLqr_ws_v2_LQR/install/mujoco_sim/share/mujoco_sim/meshes
[0.621s] copying meshes/Link1_wheel.STL -> /home/czx/mujoco_learn/wheel_/wheelLqr_ws_v2_LQR/install/mujoco_sim/share/mujoco_sim/meshes
[0.621s] copying meshes/Link4_1_1.STL -> /home/czx/mujoco_learn/wheel_/wheelLqr_ws_v2_LQR/install/mujoco_sim/share/mujoco_sim/meshes
[0.622s] copying meshes/Link2_1.STL -> /home/czx/mujoco_learn/wheel_/wheelLqr_ws_v2_LQR/install/mujoco_sim/share/mujoco_sim/meshes
[0.622s] copying meshes/Link4_wheel.STL -> /home/czx/mujoco_learn/wheel_/wheelLqr_ws_v2_LQR/install/mujoco_sim/share/mujoco_sim/meshes
[0.622s] copying meshes/Link2.STL -> /home/czx/mujoco_learn/wheel_/wheelLqr_ws_v2_LQR/install/mujoco_sim/share/mujoco_sim/meshes
[0.622s] copying meshes/Link4.STL -> /home/czx/mujoco_learn/wheel_/wheelLqr_ws_v2_LQR/install/mujoco_sim/share/mujoco_sim/meshes
[0.622s] copying meshes/Link4_1.STL -> /home/czx/mujoco_learn/wheel_/wheelLqr_ws_v2_LQR/install/mujoco_sim/share/mujoco_sim/meshes
[0.622s] copying meshes/Link1_1.STL -> /home/czx/mujoco_learn/wheel_/wheelLqr_ws_v2_LQR/install/mujoco_sim/share/mujoco_sim/meshes
[0.622s] copying meshes/Link3_1.STL -> /home/czx/mujoco_learn/wheel_/wheelLqr_ws_v2_LQR/install/mujoco_sim/share/mujoco_sim/meshes
[0.623s] copying meshes/Link3.STL -> /home/czx/mujoco_learn/wheel_/wheelLqr_ws_v2_LQR/install/mujoco_sim/share/mujoco_sim/meshes
[0.623s] copying meshes/Link1_1_1.STL -> /home/czx/mujoco_learn/wheel_/wheelLqr_ws_v2_LQR/install/mujoco_sim/share/mujoco_sim/meshes
[0.624s] copying meshes/Link1.STL -> /home/czx/mujoco_learn/wheel_/wheelLqr_ws_v2_LQR/install/mujoco_sim/share/mujoco_sim/meshes
[0.624s] copying meshes/base_link1.STL -> /home/czx/mujoco_learn/wheel_/wheelLqr_ws_v2_LQR/install/mujoco_sim/share/mujoco_sim/meshes
[0.631s] copying meshes/base_link.STL -> /home/czx/mujoco_learn/wheel_/wheelLqr_ws_v2_LQR/install/mujoco_sim/share/mujoco_sim/meshes
[0.635s] creating /home/czx/mujoco_learn/wheel_/wheelLqr_ws_v2_LQR/install/mujoco_sim/share/mujoco_sim/launch
[0.635s] copying launch/sim.launch.py -> /home/czx/mujoco_learn/wheel_/wheelLqr_ws_v2_LQR/install/mujoco_sim/share/mujoco_sim/launch
[0.635s] running install_egg_info
[0.637s] Copying ../../build/mujoco_sim/mujoco_sim.egg-info to /home/czx/mujoco_learn/wheel_/wheelLqr_ws_v2_LQR/install/mujoco_sim/lib/python3.10/site-packages/mujoco_sim-0.0.0-py3.10.egg-info
[0.637s] running install_scripts
[0.651s] Installing mujoco_sim_node script to /home/czx/mujoco_learn/wheel_/wheelLqr_ws_v2_LQR/install/mujoco_sim/lib/mujoco_sim
[0.651s] writing list of installed files to '/home/czx/mujoco_learn/wheel_/wheelLqr_ws_v2_LQR/build/mujoco_sim/install.log'
[0.666s] Invoked command in '/home/czx/mujoco_learn/wheel_/wheelLqr_ws_v2_LQR/src/mujoco_sim' returned '0': PYTHONPATH=/home/czx/mujoco_learn/wheel_/wheelLqr_ws_v2_LQR/build/mujoco_sim/prefix_override:/usr/lib/python3/dist-packages/colcon_core/task/python/colcon_distutils_commands:/home/czx/mujoco_learn/wheel_/wheelLqr_ws_v2_LQR/install/mujoco_sim/lib/python3.10/site-packages:${PYTHONPATH} /usr/bin/python3 -W ignore:setup.py install is deprecated -W ignore:easy_install command is deprecated setup.py egg_info --egg-base ../../build/mujoco_sim build --build-base /home/czx/mujoco_learn/wheel_/wheelLqr_ws_v2_LQR/build/mujoco_sim/build install --record /home/czx/mujoco_learn/wheel_/wheelLqr_ws_v2_LQR/build/mujoco_sim/install.log --install-scripts $base/lib/mujoco_sim --single-version-externally-managed install_data
