-- The C compiler identification is GNU 11.4.0
-- The CXX compiler identification is GNU 11.4.0
-- Detecting C compiler ABI info
-- Detecting C compiler ABI info - done
-- Check for working C compiler: /usr/bin/cc - skipped
-- Detecting C compile features
-- Detecting C compile features - done
-- Detecting CXX compiler ABI info
-- Detecting CXX compiler ABI info - done
-- Check for working CXX compiler: /usr/bin/c++ - skipped
-- Detecting CXX compile features
-- Detecting CXX compile features - done
-- Found ament_cmake: 1.3.12 (/opt/ros/humble/share/ament_cmake/cmake)
-- Found Python3: /usr/bin/python3 (found version "3.10.12") found components: Interpreter 
-- Found rclcpp: 16.0.14 (/opt/ros/humble/share/rclcpp/cmake)
-- Found rosidl_generator_c: 3.1.7 (/opt/ros/humble/share/rosidl_generator_c/cmake)
-- Found rosidl_adapter: 3.1.7 (/opt/ros/humble/share/rosidl_adapter/cmake)
-- Found rosidl_generator_cpp: 3.1.7 (/opt/ros/humble/share/rosidl_generator_cpp/cmake)
-- Using all available rosidl_typesupport_c: rosidl_typesupport_fastrtps_c;rosidl_typesupport_introspection_c
-- Using all available rosidl_typesupport_cpp: rosidl_typesupport_fastrtps_cpp;rosidl_typesupport_introspection_cpp
-- Found rmw_implementation_cmake: 6.1.2 (/opt/ros/humble/share/rmw_implementation_cmake/cmake)
-- Found rmw_cyclonedds_cpp: 1.3.4 (/opt/ros/humble/share/rmw_cyclonedds_cpp/cmake)
-- Using RMW implementation 'rmw_cyclonedds_cpp' as default
-- Looking for pthread.h
-- Looking for pthread.h - found
-- Performing Test CMAKE_HAVE_LIBC_PTHREAD
-- Performing Test CMAKE_HAVE_LIBC_PTHREAD - Success
-- Found Threads: TRUE  
-- Configuring done
-- Generating done
-- Build files have been written to: /home/czx/mujoco_learn/wheel_/wheelLqr_ws_v2_LQR/build/mujoco_control
[ 50%] [32mBuilding CXX object CMakeFiles/mujoco_control_node.dir/src/mujoco_control_node.cpp.o[0m
[100%] [32m[1mLinking CXX executable mujoco_control_node[0m
[100%] Built target mujoco_control_node
-- Install configuration: ""
-- Installing: /home/czx/mujoco_learn/wheel_/wheelLqr_ws_v2_LQR/install/mujoco_control/lib/mujoco_control/mujoco_control_node
-- Set runtime path of "/home/czx/mujoco_learn/wheel_/wheelLqr_ws_v2_LQR/install/mujoco_control/lib/mujoco_control/mujoco_control_node" to ""
-- Installing: /home/czx/mujoco_learn/wheel_/wheelLqr_ws_v2_LQR/install/mujoco_control/share/ament_index/resource_index/package_run_dependencies/mujoco_control
-- Installing: /home/czx/mujoco_learn/wheel_/wheelLqr_ws_v2_LQR/install/mujoco_control/share/ament_index/resource_index/parent_prefix_path/mujoco_control
-- Installing: /home/czx/mujoco_learn/wheel_/wheelLqr_ws_v2_LQR/install/mujoco_control/share/mujoco_control/environment/ament_prefix_path.sh
-- Installing: /home/czx/mujoco_learn/wheel_/wheelLqr_ws_v2_LQR/install/mujoco_control/share/mujoco_control/environment/ament_prefix_path.dsv
-- Installing: /home/czx/mujoco_learn/wheel_/wheelLqr_ws_v2_LQR/install/mujoco_control/share/mujoco_control/environment/path.sh
-- Installing: /home/czx/mujoco_learn/wheel_/wheelLqr_ws_v2_LQR/install/mujoco_control/share/mujoco_control/environment/path.dsv
-- Installing: /home/czx/mujoco_learn/wheel_/wheelLqr_ws_v2_LQR/install/mujoco_control/share/mujoco_control/local_setup.bash
-- Installing: /home/czx/mujoco_learn/wheel_/wheelLqr_ws_v2_LQR/install/mujoco_control/share/mujoco_control/local_setup.sh
-- Installing: /home/czx/mujoco_learn/wheel_/wheelLqr_ws_v2_LQR/install/mujoco_control/share/mujoco_control/local_setup.zsh
-- Installing: /home/czx/mujoco_learn/wheel_/wheelLqr_ws_v2_LQR/install/mujoco_control/share/mujoco_control/local_setup.dsv
-- Installing: /home/czx/mujoco_learn/wheel_/wheelLqr_ws_v2_LQR/install/mujoco_control/share/mujoco_control/package.dsv
-- Installing: /home/czx/mujoco_learn/wheel_/wheelLqr_ws_v2_LQR/install/mujoco_control/share/ament_index/resource_index/packages/mujoco_control
-- Installing: /home/czx/mujoco_learn/wheel_/wheelLqr_ws_v2_LQR/install/mujoco_control/share/mujoco_control/cmake/mujoco_controlConfig.cmake
-- Installing: /home/czx/mujoco_learn/wheel_/wheelLqr_ws_v2_LQR/install/mujoco_control/share/mujoco_control/cmake/mujoco_controlConfig-version.cmake
-- Installing: /home/czx/mujoco_learn/wheel_/wheelLqr_ws_v2_LQR/install/mujoco_control/share/mujoco_control/package.xml
