[0.010s] Invoking command in '/home/czx/mujoco_learn/wheel_/wheelLqr_ws_v2_LQR/build/mujoco_control': CMAKE_PREFIX_PATH=/opt/ros/humble /usr/bin/cmake /home/czx/mujoco_learn/wheel_/wheelLqr_ws_v2_LQR/src/mujoco_control -DCMAKE_INSTALL_PREFIX=/home/czx/mujoco_learn/wheel_/wheelLqr_ws_v2_LQR/install/mujoco_control
[0.083s] -- The C compiler identification is GNU 11.4.0
[0.146s] -- The CXX compiler identification is GNU 11.4.0
[0.153s] -- Detecting C compiler ABI info
[0.206s] -- Detecting C compiler ABI info - done
[0.211s] -- Check for working C compiler: /usr/bin/cc - skipped
[0.211s] -- Detecting C compile features
[0.212s] -- Detecting C compile features - done
[0.214s] -- Detecting CXX compiler ABI info
[0.275s] -- Detecting CXX compiler ABI info - done
[0.281s] -- Check for working CXX compiler: /usr/bin/c++ - skipped
[0.281s] -- Detecting CXX compile features
[0.281s] -- Detecting CXX compile features - done
[0.293s] -- Found ament_cmake: 1.3.12 (/opt/ros/humble/share/ament_cmake/cmake)
[0.407s] -- Found Python3: /usr/bin/python3 (found version "3.10.12") found components: Interpreter 
[0.480s] -- Found rclcpp: 16.0.14 (/opt/ros/humble/share/rclcpp/cmake)
[0.522s] -- Found rosidl_generator_c: 3.1.7 (/opt/ros/humble/share/rosidl_generator_c/cmake)
[0.526s] -- Found rosidl_adapter: 3.1.7 (/opt/ros/humble/share/rosidl_adapter/cmake)
[0.533s] -- Found rosidl_generator_cpp: 3.1.7 (/opt/ros/humble/share/rosidl_generator_cpp/cmake)
[0.545s] -- Using all available rosidl_typesupport_c: rosidl_typesupport_fastrtps_c;rosidl_typesupport_introspection_c
[0.563s] -- Using all available rosidl_typesupport_cpp: rosidl_typesupport_fastrtps_cpp;rosidl_typesupport_introspection_cpp
[0.606s] -- Found rmw_implementation_cmake: 6.1.2 (/opt/ros/humble/share/rmw_implementation_cmake/cmake)
[0.609s] -- Found rmw_cyclonedds_cpp: 1.3.4 (/opt/ros/humble/share/rmw_cyclonedds_cpp/cmake)
[0.629s] -- Using RMW implementation 'rmw_cyclonedds_cpp' as default
[0.637s] -- Looking for pthread.h
[0.694s] -- Looking for pthread.h - found
[0.694s] -- Performing Test CMAKE_HAVE_LIBC_PTHREAD
[0.754s] -- Performing Test CMAKE_HAVE_LIBC_PTHREAD - Success
[0.755s] -- Found Threads: TRUE  
[0.853s] -- Configuring done
[0.859s] -- Generating done
[0.861s] -- Build files have been written to: /home/czx/mujoco_learn/wheel_/wheelLqr_ws_v2_LQR/build/mujoco_control
[0.866s] Invoked command in '/home/czx/mujoco_learn/wheel_/wheelLqr_ws_v2_LQR/build/mujoco_control' returned '0': CMAKE_PREFIX_PATH=/opt/ros/humble /usr/bin/cmake /home/czx/mujoco_learn/wheel_/wheelLqr_ws_v2_LQR/src/mujoco_control -DCMAKE_INSTALL_PREFIX=/home/czx/mujoco_learn/wheel_/wheelLqr_ws_v2_LQR/install/mujoco_control
[0.868s] Invoking command in '/home/czx/mujoco_learn/wheel_/wheelLqr_ws_v2_LQR/build/mujoco_control': CMAKE_PREFIX_PATH=/opt/ros/humble /usr/bin/cmake --build /home/czx/mujoco_learn/wheel_/wheelLqr_ws_v2_LQR/build/mujoco_control -- -j16 -l16
[0.910s] [ 50%] [32mBuilding CXX object CMakeFiles/mujoco_control_node.dir/src/mujoco_control_node.cpp.o[0m
[6.079s] [100%] [32m[1mLinking CXX executable mujoco_control_node[0m
[6.348s] [100%] Built target mujoco_control_node
[6.358s] Invoked command in '/home/czx/mujoco_learn/wheel_/wheelLqr_ws_v2_LQR/build/mujoco_control' returned '0': CMAKE_PREFIX_PATH=/opt/ros/humble /usr/bin/cmake --build /home/czx/mujoco_learn/wheel_/wheelLqr_ws_v2_LQR/build/mujoco_control -- -j16 -l16
[6.366s] Invoking command in '/home/czx/mujoco_learn/wheel_/wheelLqr_ws_v2_LQR/build/mujoco_control': CMAKE_PREFIX_PATH=/opt/ros/humble /usr/bin/cmake --install /home/czx/mujoco_learn/wheel_/wheelLqr_ws_v2_LQR/build/mujoco_control
[6.371s] -- Install configuration: ""
[6.371s] -- Installing: /home/czx/mujoco_learn/wheel_/wheelLqr_ws_v2_LQR/install/mujoco_control/lib/mujoco_control/mujoco_control_node
[6.373s] -- Set runtime path of "/home/czx/mujoco_learn/wheel_/wheelLqr_ws_v2_LQR/install/mujoco_control/lib/mujoco_control/mujoco_control_node" to ""
[6.373s] -- Installing: /home/czx/mujoco_learn/wheel_/wheelLqr_ws_v2_LQR/install/mujoco_control/share/ament_index/resource_index/package_run_dependencies/mujoco_control
[6.373s] -- Installing: /home/czx/mujoco_learn/wheel_/wheelLqr_ws_v2_LQR/install/mujoco_control/share/ament_index/resource_index/parent_prefix_path/mujoco_control
[6.373s] -- Installing: /home/czx/mujoco_learn/wheel_/wheelLqr_ws_v2_LQR/install/mujoco_control/share/mujoco_control/environment/ament_prefix_path.sh
[6.373s] -- Installing: /home/czx/mujoco_learn/wheel_/wheelLqr_ws_v2_LQR/install/mujoco_control/share/mujoco_control/environment/ament_prefix_path.dsv
[6.373s] -- Installing: /home/czx/mujoco_learn/wheel_/wheelLqr_ws_v2_LQR/install/mujoco_control/share/mujoco_control/environment/path.sh
[6.373s] -- Installing: /home/czx/mujoco_learn/wheel_/wheelLqr_ws_v2_LQR/install/mujoco_control/share/mujoco_control/environment/path.dsv
[6.373s] -- Installing: /home/czx/mujoco_learn/wheel_/wheelLqr_ws_v2_LQR/install/mujoco_control/share/mujoco_control/local_setup.bash
[6.373s] -- Installing: /home/czx/mujoco_learn/wheel_/wheelLqr_ws_v2_LQR/install/mujoco_control/share/mujoco_control/local_setup.sh
[6.373s] -- Installing: /home/czx/mujoco_learn/wheel_/wheelLqr_ws_v2_LQR/install/mujoco_control/share/mujoco_control/local_setup.zsh
[6.373s] -- Installing: /home/czx/mujoco_learn/wheel_/wheelLqr_ws_v2_LQR/install/mujoco_control/share/mujoco_control/local_setup.dsv
[6.373s] -- Installing: /home/czx/mujoco_learn/wheel_/wheelLqr_ws_v2_LQR/install/mujoco_control/share/mujoco_control/package.dsv
[6.373s] -- Installing: /home/czx/mujoco_learn/wheel_/wheelLqr_ws_v2_LQR/install/mujoco_control/share/ament_index/resource_index/packages/mujoco_control
[6.373s] -- Installing: /home/czx/mujoco_learn/wheel_/wheelLqr_ws_v2_LQR/install/mujoco_control/share/mujoco_control/cmake/mujoco_controlConfig.cmake
[6.373s] -- Installing: /home/czx/mujoco_learn/wheel_/wheelLqr_ws_v2_LQR/install/mujoco_control/share/mujoco_control/cmake/mujoco_controlConfig-version.cmake
[6.373s] -- Installing: /home/czx/mujoco_learn/wheel_/wheelLqr_ws_v2_LQR/install/mujoco_control/share/mujoco_control/package.xml
[6.375s] Invoked command in '/home/czx/mujoco_learn/wheel_/wheelLqr_ws_v2_LQR/build/mujoco_control' returned '0': CMAKE_PREFIX_PATH=/opt/ros/humble /usr/bin/cmake --install /home/czx/mujoco_learn/wheel_/wheelLqr_ws_v2_LQR/build/mujoco_control
