/home/czx/mujoco_learn/wheel_/wheelLqr_ws_v2_LQR/install/mujoco_sim/lib/python3.10/site-packages/mujoco_sim/mujoco_sim.py
/home/czx/mujoco_learn/wheel_/wheelLqr_ws_v2_LQR/install/mujoco_sim/lib/python3.10/site-packages/mujoco_sim/lqr.py
/home/czx/mujoco_learn/wheel_/wheelLqr_ws_v2_LQR/install/mujoco_sim/lib/python3.10/site-packages/mujoco_sim/lqr_test.py
/home/czx/mujoco_learn/wheel_/wheelLqr_ws_v2_LQR/install/mujoco_sim/lib/python3.10/site-packages/mujoco_sim/__init__.py
/home/czx/mujoco_learn/wheel_/wheelLqr_ws_v2_LQR/install/mujoco_sim/lib/python3.10/site-packages/mujoco_sim/__pycache__/mujoco_sim.cpython-310.pyc
/home/czx/mujoco_learn/wheel_/wheelLqr_ws_v2_LQR/install/mujoco_sim/lib/python3.10/site-packages/mujoco_sim/__pycache__/lqr.cpython-310.pyc
/home/czx/mujoco_learn/wheel_/wheelLqr_ws_v2_LQR/install/mujoco_sim/lib/python3.10/site-packages/mujoco_sim/__pycache__/lqr_test.cpython-310.pyc
/home/czx/mujoco_learn/wheel_/wheelLqr_ws_v2_LQR/install/mujoco_sim/lib/python3.10/site-packages/mujoco_sim/__pycache__/__init__.cpython-310.pyc
/home/czx/mujoco_learn/wheel_/wheelLqr_ws_v2_LQR/install/mujoco_sim/share/ament_index/resource_index/packages/mujoco_sim
/home/czx/mujoco_learn/wheel_/wheelLqr_ws_v2_LQR/install/mujoco_sim/share/mujoco_sim/package.xml
/home/czx/mujoco_learn/wheel_/wheelLqr_ws_v2_LQR/install/mujoco_sim/share/mujoco_sim/urdf/rm1_4.urdf
/home/czx/mujoco_learn/wheel_/wheelLqr_ws_v2_LQR/install/mujoco_sim/share/mujoco_sim/urdf/rm1_4.csv
/home/czx/mujoco_learn/wheel_/wheelLqr_ws_v2_LQR/install/mujoco_sim/share/mujoco_sim/mjcf/rm1_4.xml
/home/czx/mujoco_learn/wheel_/wheelLqr_ws_v2_LQR/install/mujoco_sim/share/mujoco_sim/meshes/Link1_wheel.STL
/home/czx/mujoco_learn/wheel_/wheelLqr_ws_v2_LQR/install/mujoco_sim/share/mujoco_sim/meshes/Link4_1_1.STL
/home/czx/mujoco_learn/wheel_/wheelLqr_ws_v2_LQR/install/mujoco_sim/share/mujoco_sim/meshes/Link2_1.STL
/home/czx/mujoco_learn/wheel_/wheelLqr_ws_v2_LQR/install/mujoco_sim/share/mujoco_sim/meshes/Link4_wheel.STL
/home/czx/mujoco_learn/wheel_/wheelLqr_ws_v2_LQR/install/mujoco_sim/share/mujoco_sim/meshes/Link2.STL
/home/czx/mujoco_learn/wheel_/wheelLqr_ws_v2_LQR/install/mujoco_sim/share/mujoco_sim/meshes/Link4.STL
/home/czx/mujoco_learn/wheel_/wheelLqr_ws_v2_LQR/install/mujoco_sim/share/mujoco_sim/meshes/Link4_1.STL
/home/czx/mujoco_learn/wheel_/wheelLqr_ws_v2_LQR/install/mujoco_sim/share/mujoco_sim/meshes/Link1_1.STL
/home/czx/mujoco_learn/wheel_/wheelLqr_ws_v2_LQR/install/mujoco_sim/share/mujoco_sim/meshes/Link3_1.STL
/home/czx/mujoco_learn/wheel_/wheelLqr_ws_v2_LQR/install/mujoco_sim/share/mujoco_sim/meshes/Link3.STL
/home/czx/mujoco_learn/wheel_/wheelLqr_ws_v2_LQR/install/mujoco_sim/share/mujoco_sim/meshes/Link1_1_1.STL
/home/czx/mujoco_learn/wheel_/wheelLqr_ws_v2_LQR/install/mujoco_sim/share/mujoco_sim/meshes/Link1.STL
/home/czx/mujoco_learn/wheel_/wheelLqr_ws_v2_LQR/install/mujoco_sim/share/mujoco_sim/meshes/base_link1.STL
/home/czx/mujoco_learn/wheel_/wheelLqr_ws_v2_LQR/install/mujoco_sim/share/mujoco_sim/meshes/base_link.STL
/home/czx/mujoco_learn/wheel_/wheelLqr_ws_v2_LQR/install/mujoco_sim/share/mujoco_sim/launch/sim.launch.py
/home/czx/mujoco_learn/wheel_/wheelLqr_ws_v2_LQR/install/mujoco_sim/lib/python3.10/site-packages/mujoco_sim-0.0.0-py3.10.egg-info/entry_points.txt
/home/czx/mujoco_learn/wheel_/wheelLqr_ws_v2_LQR/install/mujoco_sim/lib/python3.10/site-packages/mujoco_sim-0.0.0-py3.10.egg-info/dependency_links.txt
/home/czx/mujoco_learn/wheel_/wheelLqr_ws_v2_LQR/install/mujoco_sim/lib/python3.10/site-packages/mujoco_sim-0.0.0-py3.10.egg-info/top_level.txt
/home/czx/mujoco_learn/wheel_/wheelLqr_ws_v2_LQR/install/mujoco_sim/lib/python3.10/site-packages/mujoco_sim-0.0.0-py3.10.egg-info/requires.txt
/home/czx/mujoco_learn/wheel_/wheelLqr_ws_v2_LQR/install/mujoco_sim/lib/python3.10/site-packages/mujoco_sim-0.0.0-py3.10.egg-info/PKG-INFO
/home/czx/mujoco_learn/wheel_/wheelLqr_ws_v2_LQR/install/mujoco_sim/lib/python3.10/site-packages/mujoco_sim-0.0.0-py3.10.egg-info/SOURCES.txt
/home/czx/mujoco_learn/wheel_/wheelLqr_ws_v2_LQR/install/mujoco_sim/lib/python3.10/site-packages/mujoco_sim-0.0.0-py3.10.egg-info/zip-safe
/home/czx/mujoco_learn/wheel_/wheelLqr_ws_v2_LQR/install/mujoco_sim/lib/mujoco_sim/mujoco_sim_node
